DEB [20211028-13:32:40.153] thr=1   paramiko.transport: starting thread (server mode): 0x9f2b010
DEB [20211028-13:32:40.153] thr=1   paramiko.transport: Local version/idstring: SSH-2.0-paramiko_2.8.0
DEB [20211028-13:32:40.153] thr=1   paramiko.transport: Remote version/idstring: SSH-2.0-OpenSSH_8.1
INF [20211028-13:32:40.153] thr=1   paramiko.transport: Connected (version 2.0, client OpenSSH_8.1)
DEB [20211028-13:32:40.158] thr=1   paramiko.transport: kex algos:['curve25519-sha256', 'curve25519-sha256@libssh.org', 'ecdh-sha2-nistp256', 'ecdh-sha2-nistp384', 'ecdh-sha2-nistp521', 'diffie-hellman-group-exchange-sha256', 'diffie-hellman-group16-sha512', 'diffie-hellman-group18-sha512', 'diffie-hellman-group14-sha256', 'diffie-hellman-group14-sha1', 'ext-info-c'] server key:['rsa-sha2-512-cert-v01@openssh.com', 'rsa-sha2-256-cert-v01@openssh.com', 'ssh-rsa-cert-v01@openssh.com', 'rsa-sha2-512', 'rsa-sha2-256', 'ssh-rsa', 'ecdsa-sha2-nistp256-cert-v01@openssh.com', 'ecdsa-sha2-nistp384-cert-v01@openssh.com', 'ecdsa-sha2-nistp521-cert-v01@openssh.com', 'ssh-ed25519-cert-v01@openssh.com', 'ecdsa-sha2-nistp256', 'ecdsa-sha2-nistp384', 'ecdsa-sha2-nistp521', 'ssh-ed25519'] client encrypt:['chacha20-poly1305@openssh.com', 'aes128-ctr', 'aes192-ctr', 'aes256-ctr', 'aes128-gcm@openssh.com', 'aes256-gcm@openssh.com'] server encrypt:['chacha20-poly1305@openssh.com', 'aes128-ctr', 'aes192-ctr', 'aes256-ctr', 'aes128-gcm@openssh.com', 'aes256-gcm@openssh.com'] client mac:['umac-64-etm@openssh.com', 'umac-128-etm@openssh.com', 'hmac-sha2-256-etm@openssh.com', 'hmac-sha2-512-etm@openssh.com', 'hmac-sha1-etm@openssh.com', 'umac-64@openssh.com', 'umac-128@openssh.com', 'hmac-sha2-256', 'hmac-sha2-512', 'hmac-sha1'] server mac:['umac-64-etm@openssh.com', 'umac-128-etm@openssh.com', 'hmac-sha2-256-etm@openssh.com', 'hmac-sha2-512-etm@openssh.com', 'hmac-sha1-etm@openssh.com', 'umac-64@openssh.com', 'umac-128@openssh.com', 'hmac-sha2-256', 'hmac-sha2-512', 'hmac-sha1'] client compress:['none', 'zlib@openssh.com', 'zlib'] server compress:['none', 'zlib@openssh.com', 'zlib'] client lang:[''] server lang:[''] kex follows?False
DEB [20211028-13:32:40.158] thr=1   paramiko.transport: Kex agreed: curve25519-sha256@libssh.org
DEB [20211028-13:32:40.158] thr=1   paramiko.transport: HostKey agreed: ssh-rsa
DEB [20211028-13:32:40.158] thr=1   paramiko.transport: Cipher agreed: aes128-ctr
DEB [20211028-13:32:40.158] thr=1   paramiko.transport: MAC agreed: hmac-sha2-256-etm@openssh.com
DEB [20211028-13:32:40.158] thr=1   paramiko.transport: Compression agreed: none
DEB [20211028-13:32:40.166] thr=1   paramiko.transport: kex engine KexCurve25519 specified hash_algo <built-in function openssl_sha256>
DEB [20211028-13:32:40.170] thr=1   paramiko.transport: Switch to new keys ...
DEB [20211028-13:32:40.171] thr=1   paramiko.transport: Auth request (type=none) service=ssh-connection, username=test
INF [20211028-13:32:40.171] thr=1   paramiko.transport: Auth rejected (none).
DEB [20211028-13:32:40.953] thr=1   paramiko.transport: Auth request (type=password) service=ssh-connection, username=test
INF [20211028-13:32:40.954] thr=1   paramiko.transport: Auth rejected (password).
DEB [20211028-13:32:45.125] thr=1   paramiko.transport: Auth request (type=password) service=ssh-connection, username=test
INF [20211028-13:32:45.126] thr=1   paramiko.transport: Auth rejected (password).
DEB [20211028-13:32:46.024] thr=1   paramiko.transport: Auth request (type=password) service=ssh-connection, username=test
INF [20211028-13:32:46.026] thr=1   paramiko.transport: Auth rejected (password).
DEB [20211028-13:32:46.027] thr=1   paramiko.transport: EOF in transport thread
DEB [20211028-13:32:52.801] thr=2   paramiko.transport: starting thread (server mode): 0x9f2ba90
DEB [20211028-13:32:52.801] thr=2   paramiko.transport: Local version/idstring: SSH-2.0-paramiko_2.8.0
DEB [20211028-13:32:52.802] thr=2   paramiko.transport: Remote version/idstring: SSH-2.0-OpenSSH_8.1
INF [20211028-13:32:52.802] thr=2   paramiko.transport: Connected (version 2.0, client OpenSSH_8.1)
DEB [20211028-13:32:52.802] thr=2   paramiko.transport: kex algos:['curve25519-sha256', 'curve25519-sha256@libssh.org', 'ecdh-sha2-nistp256', 'ecdh-sha2-nistp384', 'ecdh-sha2-nistp521', 'diffie-hellman-group-exchange-sha256', 'diffie-hellman-group16-sha512', 'diffie-hellman-group18-sha512', 'diffie-hellman-group14-sha256', 'diffie-hellman-group14-sha1', 'ext-info-c'] server key:['rsa-sha2-512-cert-v01@openssh.com', 'rsa-sha2-256-cert-v01@openssh.com', 'ssh-rsa-cert-v01@openssh.com', 'rsa-sha2-512', 'rsa-sha2-256', 'ssh-rsa', 'ecdsa-sha2-nistp256-cert-v01@openssh.com', 'ecdsa-sha2-nistp384-cert-v01@openssh.com', 'ecdsa-sha2-nistp521-cert-v01@openssh.com', 'ssh-ed25519-cert-v01@openssh.com', 'ecdsa-sha2-nistp256', 'ecdsa-sha2-nistp384', 'ecdsa-sha2-nistp521', 'ssh-ed25519'] client encrypt:['chacha20-poly1305@openssh.com', 'aes128-ctr', 'aes192-ctr', 'aes256-ctr', 'aes128-gcm@openssh.com', 'aes256-gcm@openssh.com'] server encrypt:['chacha20-poly1305@openssh.com', 'aes128-ctr', 'aes192-ctr', 'aes256-ctr', 'aes128-gcm@openssh.com', 'aes256-gcm@openssh.com'] client mac:['umac-64-etm@openssh.com', 'umac-128-etm@openssh.com', 'hmac-sha2-256-etm@openssh.com', 'hmac-sha2-512-etm@openssh.com', 'hmac-sha1-etm@openssh.com', 'umac-64@openssh.com', 'umac-128@openssh.com', 'hmac-sha2-256', 'hmac-sha2-512', 'hmac-sha1'] server mac:['umac-64-etm@openssh.com', 'umac-128-etm@openssh.com', 'hmac-sha2-256-etm@openssh.com', 'hmac-sha2-512-etm@openssh.com', 'hmac-sha1-etm@openssh.com', 'umac-64@openssh.com', 'umac-128@openssh.com', 'hmac-sha2-256', 'hmac-sha2-512', 'hmac-sha1'] client compress:['none', 'zlib@openssh.com', 'zlib'] server compress:['none', 'zlib@openssh.com', 'zlib'] client lang:[''] server lang:[''] kex follows?False
DEB [20211028-13:32:52.802] thr=2   paramiko.transport: Kex agreed: curve25519-sha256@libssh.org
DEB [20211028-13:32:52.802] thr=2   paramiko.transport: HostKey agreed: ssh-rsa
DEB [20211028-13:32:52.802] thr=2   paramiko.transport: Cipher agreed: aes128-ctr
DEB [20211028-13:32:52.802] thr=2   paramiko.transport: MAC agreed: hmac-sha2-256-etm@openssh.com
DEB [20211028-13:32:52.802] thr=2   paramiko.transport: Compression agreed: none
DEB [20211028-13:32:52.807] thr=2   paramiko.transport: kex engine KexCurve25519 specified hash_algo <built-in function openssl_sha256>
DEB [20211028-13:32:52.810] thr=2   paramiko.transport: Switch to new keys ...
DEB [20211028-13:32:52.810] thr=2   paramiko.transport: Auth request (type=none) service=ssh-connection, username=test
INF [20211028-13:32:52.811] thr=2   paramiko.transport: Auth rejected (none).
DEB [20211028-13:32:54.140] thr=2   paramiko.transport: Auth request (type=password) service=ssh-connection, username=test
INF [20211028-13:32:54.141] thr=2   paramiko.transport: Auth rejected (password).
DEB [20211028-13:32:55.370] thr=2   paramiko.transport: Auth request (type=password) service=ssh-connection, username=test
INF [20211028-13:32:55.371] thr=2   paramiko.transport: Auth rejected (password).
DEB [20211028-13:32:56.179] thr=2   paramiko.transport: Auth request (type=password) service=ssh-connection, username=test
INF [20211028-13:32:56.180] thr=2   paramiko.transport: Auth rejected (password).
DEB [20211028-13:32:56.181] thr=2   paramiko.transport: EOF in transport thread
DEB [20211028-13:38:30.012] thr=3   paramiko.transport: starting thread (server mode): 0x9fa7d00
DEB [20211028-13:38:30.012] thr=3   paramiko.transport: Local version/idstring: SSH-2.0-paramiko_2.8.0
DEB [20211028-13:38:30.012] thr=3   paramiko.transport: Remote version/idstring: SSH-2.0-OpenSSH_8.1
INF [20211028-13:38:30.012] thr=3   paramiko.transport: Connected (version 2.0, client OpenSSH_8.1)
DEB [20211028-13:38:30.013] thr=3   paramiko.transport: kex algos:['curve25519-sha256', 'curve25519-sha256@libssh.org', 'ecdh-sha2-nistp256', 'ecdh-sha2-nistp384', 'ecdh-sha2-nistp521', 'diffie-hellman-group-exchange-sha256', 'diffie-hellman-group16-sha512', 'diffie-hellman-group18-sha512', 'diffie-hellman-group14-sha256', 'diffie-hellman-group14-sha1', 'ext-info-c'] server key:['rsa-sha2-512-cert-v01@openssh.com', 'rsa-sha2-256-cert-v01@openssh.com', 'ssh-rsa-cert-v01@openssh.com', 'rsa-sha2-512', 'rsa-sha2-256', 'ssh-rsa', 'ecdsa-sha2-nistp256-cert-v01@openssh.com', 'ecdsa-sha2-nistp384-cert-v01@openssh.com', 'ecdsa-sha2-nistp521-cert-v01@openssh.com', 'ssh-ed25519-cert-v01@openssh.com', 'ecdsa-sha2-nistp256', 'ecdsa-sha2-nistp384', 'ecdsa-sha2-nistp521', 'ssh-ed25519'] client encrypt:['chacha20-poly1305@openssh.com', 'aes128-ctr', 'aes192-ctr', 'aes256-ctr', 'aes128-gcm@openssh.com', 'aes256-gcm@openssh.com'] server encrypt:['chacha20-poly1305@openssh.com', 'aes128-ctr', 'aes192-ctr', 'aes256-ctr', 'aes128-gcm@openssh.com', 'aes256-gcm@openssh.com'] client mac:['umac-64-etm@openssh.com', 'umac-128-etm@openssh.com', 'hmac-sha2-256-etm@openssh.com', 'hmac-sha2-512-etm@openssh.com', 'hmac-sha1-etm@openssh.com', 'umac-64@openssh.com', 'umac-128@openssh.com', 'hmac-sha2-256', 'hmac-sha2-512', 'hmac-sha1'] server mac:['umac-64-etm@openssh.com', 'umac-128-etm@openssh.com', 'hmac-sha2-256-etm@openssh.com', 'hmac-sha2-512-etm@openssh.com', 'hmac-sha1-etm@openssh.com', 'umac-64@openssh.com', 'umac-128@openssh.com', 'hmac-sha2-256', 'hmac-sha2-512', 'hmac-sha1'] client compress:['none', 'zlib@openssh.com', 'zlib'] server compress:['none', 'zlib@openssh.com', 'zlib'] client lang:[''] server lang:[''] kex follows?False
DEB [20211028-13:38:30.013] thr=3   paramiko.transport: Kex agreed: curve25519-sha256@libssh.org
DEB [20211028-13:38:30.013] thr=3   paramiko.transport: HostKey agreed: ssh-rsa
DEB [20211028-13:38:30.013] thr=3   paramiko.transport: Cipher agreed: aes128-ctr
DEB [20211028-13:38:30.013] thr=3   paramiko.transport: MAC agreed: hmac-sha2-256-etm@openssh.com
DEB [20211028-13:38:30.013] thr=3   paramiko.transport: Compression agreed: none
DEB [20211028-13:38:30.018] thr=3   paramiko.transport: kex engine KexCurve25519 specified hash_algo <built-in function openssl_sha256>
DEB [20211028-13:38:30.020] thr=3   paramiko.transport: Switch to new keys ...
DEB [20211028-13:38:30.021] thr=3   paramiko.transport: Auth request (type=none) service=ssh-connection, username=test
INF [20211028-13:38:30.021] thr=3   paramiko.transport: Auth rejected (none).
DEB [20211028-13:38:32.875] thr=3   paramiko.transport: Auth request (type=password) service=ssh-connection, username=test
INF [20211028-13:38:32.877] thr=3   paramiko.transport: Auth rejected (password).
DEB [20211028-13:38:34.616] thr=3   paramiko.transport: Auth request (type=password) service=ssh-connection, username=test
INF [20211028-13:38:34.617] thr=3   paramiko.transport: Auth rejected (password).
DEB [20211028-13:38:35.441] thr=3   paramiko.transport: Auth request (type=password) service=ssh-connection, username=test
INF [20211028-13:38:35.443] thr=3   paramiko.transport: Auth rejected (password).
DEB [20211028-13:38:35.443] thr=3   paramiko.transport: EOF in transport thread
DEB [20211028-13:39:14.947] thr=2   paramiko.transport: starting thread (server mode): 0x9f2ba90
DEB [20211028-13:39:14.947] thr=2   paramiko.transport: Local version/idstring: SSH-2.0-paramiko_2.8.0
DEB [20211028-13:39:14.947] thr=2   paramiko.transport: Remote version/idstring: SSH-2.0-OpenSSH_8.1
INF [20211028-13:39:14.948] thr=2   paramiko.transport: Connected (version 2.0, client OpenSSH_8.1)
DEB [20211028-13:39:14.948] thr=2   paramiko.transport: kex algos:['curve25519-sha256', 'curve25519-sha256@libssh.org', 'ecdh-sha2-nistp256', 'ecdh-sha2-nistp384', 'ecdh-sha2-nistp521', 'diffie-hellman-group-exchange-sha256', 'diffie-hellman-group16-sha512', 'diffie-hellman-group18-sha512', 'diffie-hellman-group14-sha256', 'diffie-hellman-group14-sha1', 'ext-info-c'] server key:['rsa-sha2-512-cert-v01@openssh.com', 'rsa-sha2-256-cert-v01@openssh.com', 'ssh-rsa-cert-v01@openssh.com', 'rsa-sha2-512', 'rsa-sha2-256', 'ssh-rsa', 'ecdsa-sha2-nistp256-cert-v01@openssh.com', 'ecdsa-sha2-nistp384-cert-v01@openssh.com', 'ecdsa-sha2-nistp521-cert-v01@openssh.com', 'ssh-ed25519-cert-v01@openssh.com', 'ecdsa-sha2-nistp256', 'ecdsa-sha2-nistp384', 'ecdsa-sha2-nistp521', 'ssh-ed25519'] client encrypt:['chacha20-poly1305@openssh.com', 'aes128-ctr', 'aes192-ctr', 'aes256-ctr', 'aes128-gcm@openssh.com', 'aes256-gcm@openssh.com'] server encrypt:['chacha20-poly1305@openssh.com', 'aes128-ctr', 'aes192-ctr', 'aes256-ctr', 'aes128-gcm@openssh.com', 'aes256-gcm@openssh.com'] client mac:['umac-64-etm@openssh.com', 'umac-128-etm@openssh.com', 'hmac-sha2-256-etm@openssh.com', 'hmac-sha2-512-etm@openssh.com', 'hmac-sha1-etm@openssh.com', 'umac-64@openssh.com', 'umac-128@openssh.com', 'hmac-sha2-256', 'hmac-sha2-512', 'hmac-sha1'] server mac:['umac-64-etm@openssh.com', 'umac-128-etm@openssh.com', 'hmac-sha2-256-etm@openssh.com', 'hmac-sha2-512-etm@openssh.com', 'hmac-sha1-etm@openssh.com', 'umac-64@openssh.com', 'umac-128@openssh.com', 'hmac-sha2-256', 'hmac-sha2-512', 'hmac-sha1'] client compress:['none', 'zlib@openssh.com', 'zlib'] server compress:['none', 'zlib@openssh.com', 'zlib'] client lang:[''] server lang:[''] kex follows?False
DEB [20211028-13:39:14.948] thr=2   paramiko.transport: Kex agreed: curve25519-sha256@libssh.org
DEB [20211028-13:39:14.948] thr=2   paramiko.transport: HostKey agreed: ssh-rsa
DEB [20211028-13:39:14.948] thr=2   paramiko.transport: Cipher agreed: aes128-ctr
DEB [20211028-13:39:14.948] thr=2   paramiko.transport: MAC agreed: hmac-sha2-256-etm@openssh.com
DEB [20211028-13:39:14.948] thr=2   paramiko.transport: Compression agreed: none
DEB [20211028-13:39:14.953] thr=2   paramiko.transport: kex engine KexCurve25519 specified hash_algo <built-in function openssl_sha256>
DEB [20211028-13:39:14.956] thr=2   paramiko.transport: Switch to new keys ...
DEB [20211028-13:39:14.957] thr=2   paramiko.transport: Auth request (type=none) service=ssh-connection, username=test
INF [20211028-13:39:14.957] thr=2   paramiko.transport: Auth rejected (none).
DEB [20211028-13:39:16.150] thr=2   paramiko.transport: Auth request (type=password) service=ssh-connection, username=test
INF [20211028-13:39:16.151] thr=2   paramiko.transport: Auth rejected (password).
DEB [20211028-13:39:17.005] thr=2   paramiko.transport: Auth request (type=password) service=ssh-connection, username=test
INF [20211028-13:39:17.006] thr=2   paramiko.transport: Auth rejected (password).
DEB [20211028-13:39:17.756] thr=2   paramiko.transport: Auth request (type=password) service=ssh-connection, username=test
INF [20211028-13:39:17.757] thr=2   paramiko.transport: Auth rejected (password).
DEB [20211028-13:39:17.758] thr=2   paramiko.transport: EOF in transport thread
DEB [20211028-13:39:41.288] thr=4   paramiko.transport: starting thread (server mode): 0x9fa63b0
DEB [20211028-13:39:41.288] thr=4   paramiko.transport: Local version/idstring: SSH-2.0-paramiko_2.8.0
DEB [20211028-13:39:41.288] thr=4   paramiko.transport: Remote version/idstring: SSH-2.0-OpenSSH_8.1
INF [20211028-13:39:41.288] thr=4   paramiko.transport: Connected (version 2.0, client OpenSSH_8.1)
DEB [20211028-13:39:41.289] thr=4   paramiko.transport: kex algos:['curve25519-sha256', 'curve25519-sha256@libssh.org', 'ecdh-sha2-nistp256', 'ecdh-sha2-nistp384', 'ecdh-sha2-nistp521', 'diffie-hellman-group-exchange-sha256', 'diffie-hellman-group16-sha512', 'diffie-hellman-group18-sha512', 'diffie-hellman-group14-sha256', 'diffie-hellman-group14-sha1', 'ext-info-c'] server key:['rsa-sha2-512-cert-v01@openssh.com', 'rsa-sha2-256-cert-v01@openssh.com', 'ssh-rsa-cert-v01@openssh.com', 'rsa-sha2-512', 'rsa-sha2-256', 'ssh-rsa', 'ecdsa-sha2-nistp256-cert-v01@openssh.com', 'ecdsa-sha2-nistp384-cert-v01@openssh.com', 'ecdsa-sha2-nistp521-cert-v01@openssh.com', 'ssh-ed25519-cert-v01@openssh.com', 'ecdsa-sha2-nistp256', 'ecdsa-sha2-nistp384', 'ecdsa-sha2-nistp521', 'ssh-ed25519'] client encrypt:['chacha20-poly1305@openssh.com', 'aes128-ctr', 'aes192-ctr', 'aes256-ctr', 'aes128-gcm@openssh.com', 'aes256-gcm@openssh.com'] server encrypt:['chacha20-poly1305@openssh.com', 'aes128-ctr', 'aes192-ctr', 'aes256-ctr', 'aes128-gcm@openssh.com', 'aes256-gcm@openssh.com'] client mac:['umac-64-etm@openssh.com', 'umac-128-etm@openssh.com', 'hmac-sha2-256-etm@openssh.com', 'hmac-sha2-512-etm@openssh.com', 'hmac-sha1-etm@openssh.com', 'umac-64@openssh.com', 'umac-128@openssh.com', 'hmac-sha2-256', 'hmac-sha2-512', 'hmac-sha1'] server mac:['umac-64-etm@openssh.com', 'umac-128-etm@openssh.com', 'hmac-sha2-256-etm@openssh.com', 'hmac-sha2-512-etm@openssh.com', 'hmac-sha1-etm@openssh.com', 'umac-64@openssh.com', 'umac-128@openssh.com', 'hmac-sha2-256', 'hmac-sha2-512', 'hmac-sha1'] client compress:['none', 'zlib@openssh.com', 'zlib'] server compress:['none', 'zlib@openssh.com', 'zlib'] client lang:[''] server lang:[''] kex follows?False
DEB [20211028-13:39:41.289] thr=4   paramiko.transport: Kex agreed: curve25519-sha256@libssh.org
DEB [20211028-13:39:41.289] thr=4   paramiko.transport: HostKey agreed: ssh-rsa
DEB [20211028-13:39:41.289] thr=4   paramiko.transport: Cipher agreed: aes128-ctr
DEB [20211028-13:39:41.289] thr=4   paramiko.transport: MAC agreed: hmac-sha2-256-etm@openssh.com
DEB [20211028-13:39:41.289] thr=4   paramiko.transport: Compression agreed: none
DEB [20211028-13:39:41.294] thr=4   paramiko.transport: kex engine KexCurve25519 specified hash_algo <built-in function openssl_sha256>
DEB [20211028-13:39:41.296] thr=4   paramiko.transport: Switch to new keys ...
DEB [20211028-13:39:41.297] thr=4   paramiko.transport: Auth request (type=none) service=ssh-connection, username=test
INF [20211028-13:39:41.297] thr=4   paramiko.transport: Auth rejected (none).
DEB [20211028-13:39:43.857] thr=4   paramiko.transport: Auth request (type=password) service=ssh-connection, username=test
INF [20211028-13:39:43.859] thr=4   paramiko.transport: Auth rejected (password).
DEB [20211028-13:39:44.921] thr=4   paramiko.transport: Auth request (type=password) service=ssh-connection, username=test
INF [20211028-13:39:44.922] thr=4   paramiko.transport: Auth rejected (password).
DEB [20211028-13:39:45.702] thr=4   paramiko.transport: Auth request (type=password) service=ssh-connection, username=test
INF [20211028-13:39:45.704] thr=4   paramiko.transport: Auth rejected (password).
DEB [20211028-13:39:45.705] thr=4   paramiko.transport: EOF in transport thread
DEB [20211028-13:40:55.250] thr=5   paramiko.transport: starting thread (server mode): 0x9fba290
DEB [20211028-13:40:55.251] thr=5   paramiko.transport: Local version/idstring: SSH-2.0-paramiko_2.8.0
DEB [20211028-13:40:55.251] thr=5   paramiko.transport: Remote version/idstring: SSH-2.0-OpenSSH_8.1
INF [20211028-13:40:55.251] thr=5   paramiko.transport: Connected (version 2.0, client OpenSSH_8.1)
DEB [20211028-13:40:55.252] thr=5   paramiko.transport: kex algos:['curve25519-sha256', 'curve25519-sha256@libssh.org', 'ecdh-sha2-nistp256', 'ecdh-sha2-nistp384', 'ecdh-sha2-nistp521', 'diffie-hellman-group-exchange-sha256', 'diffie-hellman-group16-sha512', 'diffie-hellman-group18-sha512', 'diffie-hellman-group14-sha256', 'diffie-hellman-group14-sha1', 'ext-info-c'] server key:['rsa-sha2-512-cert-v01@openssh.com', 'rsa-sha2-256-cert-v01@openssh.com', 'ssh-rsa-cert-v01@openssh.com', 'rsa-sha2-512', 'rsa-sha2-256', 'ssh-rsa', 'ecdsa-sha2-nistp256-cert-v01@openssh.com', 'ecdsa-sha2-nistp384-cert-v01@openssh.com', 'ecdsa-sha2-nistp521-cert-v01@openssh.com', 'ssh-ed25519-cert-v01@openssh.com', 'ecdsa-sha2-nistp256', 'ecdsa-sha2-nistp384', 'ecdsa-sha2-nistp521', 'ssh-ed25519'] client encrypt:['chacha20-poly1305@openssh.com', 'aes128-ctr', 'aes192-ctr', 'aes256-ctr', 'aes128-gcm@openssh.com', 'aes256-gcm@openssh.com'] server encrypt:['chacha20-poly1305@openssh.com', 'aes128-ctr', 'aes192-ctr', 'aes256-ctr', 'aes128-gcm@openssh.com', 'aes256-gcm@openssh.com'] client mac:['umac-64-etm@openssh.com', 'umac-128-etm@openssh.com', 'hmac-sha2-256-etm@openssh.com', 'hmac-sha2-512-etm@openssh.com', 'hmac-sha1-etm@openssh.com', 'umac-64@openssh.com', 'umac-128@openssh.com', 'hmac-sha2-256', 'hmac-sha2-512', 'hmac-sha1'] server mac:['umac-64-etm@openssh.com', 'umac-128-etm@openssh.com', 'hmac-sha2-256-etm@openssh.com', 'hmac-sha2-512-etm@openssh.com', 'hmac-sha1-etm@openssh.com', 'umac-64@openssh.com', 'umac-128@openssh.com', 'hmac-sha2-256', 'hmac-sha2-512', 'hmac-sha1'] client compress:['none', 'zlib@openssh.com', 'zlib'] server compress:['none', 'zlib@openssh.com', 'zlib'] client lang:[''] server lang:[''] kex follows?False
DEB [20211028-13:40:55.252] thr=5   paramiko.transport: Kex agreed: curve25519-sha256@libssh.org
DEB [20211028-13:40:55.252] thr=5   paramiko.transport: HostKey agreed: ssh-rsa
DEB [20211028-13:40:55.252] thr=5   paramiko.transport: Cipher agreed: aes128-ctr
DEB [20211028-13:40:55.252] thr=5   paramiko.transport: MAC agreed: hmac-sha2-256-etm@openssh.com
DEB [20211028-13:40:55.252] thr=5   paramiko.transport: Compression agreed: none
DEB [20211028-13:40:55.256] thr=5   paramiko.transport: kex engine KexCurve25519 specified hash_algo <built-in function openssl_sha256>
DEB [20211028-13:40:55.258] thr=5   paramiko.transport: Switch to new keys ...
DEB [20211028-13:40:55.259] thr=5   paramiko.transport: Auth request (type=none) service=ssh-connection, username=test
INF [20211028-13:40:55.259] thr=5   paramiko.transport: Auth rejected (none).
DEB [20211028-13:40:57.568] thr=5   paramiko.transport: Auth request (type=password) service=ssh-connection, username=test
INF [20211028-13:40:57.569] thr=5   paramiko.transport: Auth rejected (password).
DEB [20211028-13:40:59.038] thr=5   paramiko.transport: Auth request (type=password) service=ssh-connection, username=test
INF [20211028-13:40:59.040] thr=5   paramiko.transport: Auth rejected (password).
DEB [20211028-13:41:00.088] thr=5   paramiko.transport: Auth request (type=password) service=ssh-connection, username=test
INF [20211028-13:41:00.090] thr=5   paramiko.transport: Auth rejected (password).
DEB [20211028-13:41:00.090] thr=5   paramiko.transport: EOF in transport thread
DEB [20211028-13:41:45.279] thr=6   paramiko.transport: starting thread (server mode): 0x9fbb2b0
DEB [20211028-13:41:45.279] thr=6   paramiko.transport: Local version/idstring: SSH-2.0-paramiko_2.8.0
DEB [20211028-13:41:45.279] thr=6   paramiko.transport: Remote version/idstring: SSH-2.0-OpenSSH_8.1
INF [20211028-13:41:45.279] thr=6   paramiko.transport: Connected (version 2.0, client OpenSSH_8.1)
DEB [20211028-13:41:45.280] thr=6   paramiko.transport: kex algos:['curve25519-sha256', 'curve25519-sha256@libssh.org', 'ecdh-sha2-nistp256', 'ecdh-sha2-nistp384', 'ecdh-sha2-nistp521', 'diffie-hellman-group-exchange-sha256', 'diffie-hellman-group16-sha512', 'diffie-hellman-group18-sha512', 'diffie-hellman-group14-sha256', 'diffie-hellman-group14-sha1', 'ext-info-c'] server key:['rsa-sha2-512-cert-v01@openssh.com', 'rsa-sha2-256-cert-v01@openssh.com', 'ssh-rsa-cert-v01@openssh.com', 'rsa-sha2-512', 'rsa-sha2-256', 'ssh-rsa', 'ecdsa-sha2-nistp256-cert-v01@openssh.com', 'ecdsa-sha2-nistp384-cert-v01@openssh.com', 'ecdsa-sha2-nistp521-cert-v01@openssh.com', 'ssh-ed25519-cert-v01@openssh.com', 'ecdsa-sha2-nistp256', 'ecdsa-sha2-nistp384', 'ecdsa-sha2-nistp521', 'ssh-ed25519'] client encrypt:['chacha20-poly1305@openssh.com', 'aes128-ctr', 'aes192-ctr', 'aes256-ctr', 'aes128-gcm@openssh.com', 'aes256-gcm@openssh.com'] server encrypt:['chacha20-poly1305@openssh.com', 'aes128-ctr', 'aes192-ctr', 'aes256-ctr', 'aes128-gcm@openssh.com', 'aes256-gcm@openssh.com'] client mac:['umac-64-etm@openssh.com', 'umac-128-etm@openssh.com', 'hmac-sha2-256-etm@openssh.com', 'hmac-sha2-512-etm@openssh.com', 'hmac-sha1-etm@openssh.com', 'umac-64@openssh.com', 'umac-128@openssh.com', 'hmac-sha2-256', 'hmac-sha2-512', 'hmac-sha1'] server mac:['umac-64-etm@openssh.com', 'umac-128-etm@openssh.com', 'hmac-sha2-256-etm@openssh.com', 'hmac-sha2-512-etm@openssh.com', 'hmac-sha1-etm@openssh.com', 'umac-64@openssh.com', 'umac-128@openssh.com', 'hmac-sha2-256', 'hmac-sha2-512', 'hmac-sha1'] client compress:['none', 'zlib@openssh.com', 'zlib'] server compress:['none', 'zlib@openssh.com', 'zlib'] client lang:[''] server lang:[''] kex follows?False
DEB [20211028-13:41:45.280] thr=6   paramiko.transport: Kex agreed: curve25519-sha256@libssh.org
DEB [20211028-13:41:45.281] thr=6   paramiko.transport: HostKey agreed: ssh-rsa
DEB [20211028-13:41:45.281] thr=6   paramiko.transport: Cipher agreed: aes128-ctr
DEB [20211028-13:41:45.281] thr=6   paramiko.transport: MAC agreed: hmac-sha2-256-etm@openssh.com
DEB [20211028-13:41:45.281] thr=6   paramiko.transport: Compression agreed: none
DEB [20211028-13:41:45.285] thr=6   paramiko.transport: kex engine KexCurve25519 specified hash_algo <built-in function openssl_sha256>
DEB [20211028-13:41:45.288] thr=6   paramiko.transport: Switch to new keys ...
DEB [20211028-13:41:45.288] thr=6   paramiko.transport: Auth request (type=none) service=ssh-connection, username=test
INF [20211028-13:41:45.288] thr=6   paramiko.transport: Auth rejected (none).
DEB [20211028-13:41:47.474] thr=6   paramiko.transport: Auth request (type=password) service=ssh-connection, username=test
INF [20211028-13:41:47.475] thr=6   paramiko.transport: Auth rejected (password).
DEB [20211028-13:41:49.185] thr=6   paramiko.transport: Auth request (type=password) service=ssh-connection, username=test
INF [20211028-13:41:49.186] thr=6   paramiko.transport: Auth rejected (password).
DEB [20211028-13:41:50.129] thr=6   paramiko.transport: Auth request (type=password) service=ssh-connection, username=test
INF [20211028-13:41:50.130] thr=6   paramiko.transport: Auth rejected (password).
DEB [20211028-13:41:50.131] thr=6   paramiko.transport: EOF in transport thread
DEB [20211028-13:42:16.526] thr=7   paramiko.transport: starting thread (server mode): 0x9f2b6d0
DEB [20211028-13:42:16.526] thr=7   paramiko.transport: Local version/idstring: SSH-2.0-paramiko_2.8.0
DEB [20211028-13:42:16.526] thr=7   paramiko.transport: Remote version/idstring: SSH-2.0-OpenSSH_8.1
INF [20211028-13:42:16.526] thr=7   paramiko.transport: Connected (version 2.0, client OpenSSH_8.1)
DEB [20211028-13:42:16.527] thr=7   paramiko.transport: kex algos:['curve25519-sha256', 'curve25519-sha256@libssh.org', 'ecdh-sha2-nistp256', 'ecdh-sha2-nistp384', 'ecdh-sha2-nistp521', 'diffie-hellman-group-exchange-sha256', 'diffie-hellman-group16-sha512', 'diffie-hellman-group18-sha512', 'diffie-hellman-group14-sha256', 'diffie-hellman-group14-sha1', 'ext-info-c'] server key:['rsa-sha2-512-cert-v01@openssh.com', 'rsa-sha2-256-cert-v01@openssh.com', 'ssh-rsa-cert-v01@openssh.com', 'rsa-sha2-512', 'rsa-sha2-256', 'ssh-rsa', 'ecdsa-sha2-nistp256-cert-v01@openssh.com', 'ecdsa-sha2-nistp384-cert-v01@openssh.com', 'ecdsa-sha2-nistp521-cert-v01@openssh.com', 'ssh-ed25519-cert-v01@openssh.com', 'ecdsa-sha2-nistp256', 'ecdsa-sha2-nistp384', 'ecdsa-sha2-nistp521', 'ssh-ed25519'] client encrypt:['chacha20-poly1305@openssh.com', 'aes128-ctr', 'aes192-ctr', 'aes256-ctr', 'aes128-gcm@openssh.com', 'aes256-gcm@openssh.com'] server encrypt:['chacha20-poly1305@openssh.com', 'aes128-ctr', 'aes192-ctr', 'aes256-ctr', 'aes128-gcm@openssh.com', 'aes256-gcm@openssh.com'] client mac:['umac-64-etm@openssh.com', 'umac-128-etm@openssh.com', 'hmac-sha2-256-etm@openssh.com', 'hmac-sha2-512-etm@openssh.com', 'hmac-sha1-etm@openssh.com', 'umac-64@openssh.com', 'umac-128@openssh.com', 'hmac-sha2-256', 'hmac-sha2-512', 'hmac-sha1'] server mac:['umac-64-etm@openssh.com', 'umac-128-etm@openssh.com', 'hmac-sha2-256-etm@openssh.com', 'hmac-sha2-512-etm@openssh.com', 'hmac-sha1-etm@openssh.com', 'umac-64@openssh.com', 'umac-128@openssh.com', 'hmac-sha2-256', 'hmac-sha2-512', 'hmac-sha1'] client compress:['none', 'zlib@openssh.com', 'zlib'] server compress:['none', 'zlib@openssh.com', 'zlib'] client lang:[''] server lang:[''] kex follows?False
DEB [20211028-13:42:16.527] thr=7   paramiko.transport: Kex agreed: curve25519-sha256@libssh.org
DEB [20211028-13:42:16.527] thr=7   paramiko.transport: HostKey agreed: ssh-rsa
DEB [20211028-13:42:16.527] thr=7   paramiko.transport: Cipher agreed: aes128-ctr
DEB [20211028-13:42:16.527] thr=7   paramiko.transport: MAC agreed: hmac-sha2-256-etm@openssh.com
DEB [20211028-13:42:16.527] thr=7   paramiko.transport: Compression agreed: none
DEB [20211028-13:42:16.532] thr=7   paramiko.transport: kex engine KexCurve25519 specified hash_algo <built-in function openssl_sha256>
DEB [20211028-13:42:16.535] thr=7   paramiko.transport: Switch to new keys ...
DEB [20211028-13:42:16.535] thr=7   paramiko.transport: Auth request (type=none) service=ssh-connection, username=test
INF [20211028-13:42:16.535] thr=7   paramiko.transport: Auth rejected (none).
DEB [20211028-13:42:17.190] thr=7   paramiko.transport: Auth request (type=password) service=ssh-connection, username=test
INF [20211028-13:42:17.191] thr=7   paramiko.transport: Auth rejected (password).
DEB [20211028-13:42:18.225] thr=7   paramiko.transport: Auth request (type=password) service=ssh-connection, username=test
INF [20211028-13:42:18.227] thr=7   paramiko.transport: Auth rejected (password).
DEB [20211028-13:42:18.525] thr=7   paramiko.transport: Auth request (type=password) service=ssh-connection, username=test
INF [20211028-13:42:18.527] thr=7   paramiko.transport: Auth rejected (password).
DEB [20211028-13:42:18.527] thr=7   paramiko.transport: EOF in transport thread
DEB [20211028-13:46:37.229] thr=8   paramiko.transport: starting thread (server mode): 0x9fa7430
DEB [20211028-13:46:37.230] thr=8   paramiko.transport: Local version/idstring: SSH-2.0-paramiko_2.8.0
DEB [20211028-13:46:37.230] thr=8   paramiko.transport: Remote version/idstring: SSH-2.0-OpenSSH_8.1
INF [20211028-13:46:37.230] thr=8   paramiko.transport: Connected (version 2.0, client OpenSSH_8.1)
DEB [20211028-13:46:37.230] thr=8   paramiko.transport: kex algos:['curve25519-sha256', 'curve25519-sha256@libssh.org', 'ecdh-sha2-nistp256', 'ecdh-sha2-nistp384', 'ecdh-sha2-nistp521', 'diffie-hellman-group-exchange-sha256', 'diffie-hellman-group16-sha512', 'diffie-hellman-group18-sha512', 'diffie-hellman-group14-sha256', 'diffie-hellman-group14-sha1', 'ext-info-c'] server key:['rsa-sha2-512-cert-v01@openssh.com', 'rsa-sha2-256-cert-v01@openssh.com', 'ssh-rsa-cert-v01@openssh.com', 'rsa-sha2-512', 'rsa-sha2-256', 'ssh-rsa', 'ecdsa-sha2-nistp256-cert-v01@openssh.com', 'ecdsa-sha2-nistp384-cert-v01@openssh.com', 'ecdsa-sha2-nistp521-cert-v01@openssh.com', 'ssh-ed25519-cert-v01@openssh.com', 'ecdsa-sha2-nistp256', 'ecdsa-sha2-nistp384', 'ecdsa-sha2-nistp521', 'ssh-ed25519'] client encrypt:['chacha20-poly1305@openssh.com', 'aes128-ctr', 'aes192-ctr', 'aes256-ctr', 'aes128-gcm@openssh.com', 'aes256-gcm@openssh.com'] server encrypt:['chacha20-poly1305@openssh.com', 'aes128-ctr', 'aes192-ctr', 'aes256-ctr', 'aes128-gcm@openssh.com', 'aes256-gcm@openssh.com'] client mac:['umac-64-etm@openssh.com', 'umac-128-etm@openssh.com', 'hmac-sha2-256-etm@openssh.com', 'hmac-sha2-512-etm@openssh.com', 'hmac-sha1-etm@openssh.com', 'umac-64@openssh.com', 'umac-128@openssh.com', 'hmac-sha2-256', 'hmac-sha2-512', 'hmac-sha1'] server mac:['umac-64-etm@openssh.com', 'umac-128-etm@openssh.com', 'hmac-sha2-256-etm@openssh.com', 'hmac-sha2-512-etm@openssh.com', 'hmac-sha1-etm@openssh.com', 'umac-64@openssh.com', 'umac-128@openssh.com', 'hmac-sha2-256', 'hmac-sha2-512', 'hmac-sha1'] client compress:['none', 'zlib@openssh.com', 'zlib'] server compress:['none', 'zlib@openssh.com', 'zlib'] client lang:[''] server lang:[''] kex follows?False
DEB [20211028-13:46:37.230] thr=8   paramiko.transport: Kex agreed: curve25519-sha256@libssh.org
DEB [20211028-13:46:37.230] thr=8   paramiko.transport: HostKey agreed: ssh-rsa
DEB [20211028-13:46:37.231] thr=8   paramiko.transport: Cipher agreed: aes128-ctr
DEB [20211028-13:46:37.231] thr=8   paramiko.transport: MAC agreed: hmac-sha2-256-etm@openssh.com
DEB [20211028-13:46:37.231] thr=8   paramiko.transport: Compression agreed: none
DEB [20211028-13:46:37.235] thr=8   paramiko.transport: kex engine KexCurve25519 specified hash_algo <built-in function openssl_sha256>
DEB [20211028-13:46:37.238] thr=8   paramiko.transport: Switch to new keys ...
DEB [20211028-13:46:37.239] thr=8   paramiko.transport: Auth request (type=none) service=ssh-connection, username=test
INF [20211028-13:46:37.239] thr=8   paramiko.transport: Auth rejected (none).
DEB [20211028-13:46:38.315] thr=8   paramiko.transport: Auth request (type=password) service=ssh-connection, username=test
INF [20211028-13:46:38.316] thr=8   paramiko.transport: Auth rejected (password).
DEB [20211028-13:46:40.774] thr=8   paramiko.transport: Auth request (type=password) service=ssh-connection, username=test
INF [20211028-13:46:40.775] thr=8   paramiko.transport: Auth rejected (password).
DEB [20211028-13:46:41.674] thr=8   paramiko.transport: Auth request (type=password) service=ssh-connection, username=test
INF [20211028-13:46:41.675] thr=8   paramiko.transport: Auth rejected (password).
DEB [20211028-13:46:41.676] thr=8   paramiko.transport: EOF in transport thread
DEB [20211028-13:46:46.291] thr=9   paramiko.transport: starting thread (server mode): 0x9fa7f40
DEB [20211028-13:46:46.291] thr=9   paramiko.transport: Local version/idstring: SSH-2.0-paramiko_2.8.0
DEB [20211028-13:46:46.291] thr=9   paramiko.transport: Remote version/idstring: SSH-2.0-OpenSSH_8.1
INF [20211028-13:46:46.291] thr=9   paramiko.transport: Connected (version 2.0, client OpenSSH_8.1)
DEB [20211028-13:46:46.292] thr=9   paramiko.transport: kex algos:['curve25519-sha256', 'curve25519-sha256@libssh.org', 'ecdh-sha2-nistp256', 'ecdh-sha2-nistp384', 'ecdh-sha2-nistp521', 'diffie-hellman-group-exchange-sha256', 'diffie-hellman-group16-sha512', 'diffie-hellman-group18-sha512', 'diffie-hellman-group14-sha256', 'diffie-hellman-group14-sha1', 'ext-info-c'] server key:['rsa-sha2-512-cert-v01@openssh.com', 'rsa-sha2-256-cert-v01@openssh.com', 'ssh-rsa-cert-v01@openssh.com', 'rsa-sha2-512', 'rsa-sha2-256', 'ssh-rsa', 'ecdsa-sha2-nistp256-cert-v01@openssh.com', 'ecdsa-sha2-nistp384-cert-v01@openssh.com', 'ecdsa-sha2-nistp521-cert-v01@openssh.com', 'ssh-ed25519-cert-v01@openssh.com', 'ecdsa-sha2-nistp256', 'ecdsa-sha2-nistp384', 'ecdsa-sha2-nistp521', 'ssh-ed25519'] client encrypt:['chacha20-poly1305@openssh.com', 'aes128-ctr', 'aes192-ctr', 'aes256-ctr', 'aes128-gcm@openssh.com', 'aes256-gcm@openssh.com'] server encrypt:['chacha20-poly1305@openssh.com', 'aes128-ctr', 'aes192-ctr', 'aes256-ctr', 'aes128-gcm@openssh.com', 'aes256-gcm@openssh.com'] client mac:['umac-64-etm@openssh.com', 'umac-128-etm@openssh.com', 'hmac-sha2-256-etm@openssh.com', 'hmac-sha2-512-etm@openssh.com', 'hmac-sha1-etm@openssh.com', 'umac-64@openssh.com', 'umac-128@openssh.com', 'hmac-sha2-256', 'hmac-sha2-512', 'hmac-sha1'] server mac:['umac-64-etm@openssh.com', 'umac-128-etm@openssh.com', 'hmac-sha2-256-etm@openssh.com', 'hmac-sha2-512-etm@openssh.com', 'hmac-sha1-etm@openssh.com', 'umac-64@openssh.com', 'umac-128@openssh.com', 'hmac-sha2-256', 'hmac-sha2-512', 'hmac-sha1'] client compress:['none', 'zlib@openssh.com', 'zlib'] server compress:['none', 'zlib@openssh.com', 'zlib'] client lang:[''] server lang:[''] kex follows?False
DEB [20211028-13:46:46.292] thr=9   paramiko.transport: Kex agreed: curve25519-sha256@libssh.org
DEB [20211028-13:46:46.292] thr=9   paramiko.transport: HostKey agreed: ssh-rsa
DEB [20211028-13:46:46.292] thr=9   paramiko.transport: Cipher agreed: aes128-ctr
DEB [20211028-13:46:46.292] thr=9   paramiko.transport: MAC agreed: hmac-sha2-256-etm@openssh.com
DEB [20211028-13:46:46.292] thr=9   paramiko.transport: Compression agreed: none
DEB [20211028-13:46:46.297] thr=9   paramiko.transport: kex engine KexCurve25519 specified hash_algo <built-in function openssl_sha256>
DEB [20211028-13:46:46.300] thr=9   paramiko.transport: Switch to new keys ...
DEB [20211028-13:46:46.300] thr=9   paramiko.transport: Auth request (type=none) service=ssh-connection, username=test
INF [20211028-13:46:46.301] thr=9   paramiko.transport: Auth rejected (none).
DEB [20211028-13:46:47.734] thr=9   paramiko.transport: Auth request (type=password) service=ssh-connection, username=test
INF [20211028-13:46:47.735] thr=9   paramiko.transport: Auth rejected (password).
DEB [20211028-13:46:48.994] thr=9   paramiko.transport: Auth request (type=password) service=ssh-connection, username=test
INF [20211028-13:46:48.995] thr=9   paramiko.transport: Auth rejected (password).
DEB [20211028-13:46:51.318] thr=9   paramiko.transport: Auth request (type=password) service=ssh-connection, username=test
INF [20211028-13:46:51.319] thr=9   paramiko.transport: Auth rejected (password).
DEB [20211028-13:46:51.320] thr=9   paramiko.transport: EOF in transport thread
